[2023-04-24 19:00:03] local.ERROR: View [frontend.index] not found. {"exception":"[object] (InvalidArgumentException(code: 0): View [frontend.index] not found. at C:\\wamp64\\www\\project_80_build_complete_invetory_management_system_a_z\\01. Cinema Blog\\first_course_project_applied\\vendor\\laravel\\framework\\src\\Illuminate\\View\\FileViewFinder.php:137)
[stacktrace]
#0 C:\\wamp64\\www\\project_80_build_complete_invetory_management_system_a_z\\01. Cinema Blog\\first_course_project_applied\\vendor\\laravel\\framework\\src\\Illuminate\\View\\FileViewFinder.php(79): Illuminate\\View\\FileViewFinder->findInPaths('frontend.index', Array)
#1 C:\\wamp64\\www\\project_80_build_complete_invetory_management_system_a_z\\01. Cinema Blog\\first_course_project_applied\\vendor\\laravel\\framework\\src\\Illuminate\\View\\Factory.php(138): Illuminate\\View\\FileViewFinder->find('frontend.index')
#2 C:\\wamp64\\www\\project_80_build_complete_invetory_management_system_a_z\\01. Cinema Blog\\first_course_project_applied\\vendor\\laravel\\framework\\src\\Illuminate\\Foundation\\helpers.php(1035): Illuminate\\View\\Factory->make('frontend.index', Array, Array)
#3 C:\\wamp64\\www\\project_80_build_complete_invetory_management_system_a_z\\01. Cinema Blog\\first_course_project_applied\\app\\Http\\Controllers\\Demo\\DemoController.php(11): view('frontend.index')
#4 C:\\wamp64\\www\\project_80_build_complete_invetory_management_system_a_z\\01. Cinema Blog\\first_course_project_applied\\vendor\\laravel\\framework\\src\\Illuminate\\Routing\\Controller.php(54): App\\Http\\Controllers\\Demo\\DemoController->HomeMain()
#5 C:\\wamp64\\www\\project_80_build_complete_invetory_management_system_a_z\\01. Cinema Blog\\first_course_project_applied\\vendor\\laravel\\framework\\src\\Illuminate\\Routing\\ControllerDispatcher.php(43): Illuminate\\Routing\\Controller->callAction('HomeMain', Array)
#6 C:\\wamp64\\www\\project_80_build_complete_invetory_management_system_a_z\\01. Cinema Blog\\first_course_project_applied\\vendor\\laravel\\framework\\src\\Illuminate\\Routing\\Route.php(260): Illuminate\\Routing\\ControllerDispatcher->dispatch(Object(Illuminate\\Routing\\Route), Object(App\\Http\\Controllers\\Demo\\DemoController), 'HomeMain')
#7 C:\\wamp64\\www\\project_80_build_complete_invetory_management_system_a_z\\01. Cinema Blog\\first_course_project_applied\\vendor\\laravel\\framework\\src\\Illuminate\\Routing\\Route.php(205): Illuminate\\Routing\\Route->runController()
#8 C:\\wamp64\\www\\project_80_build_complete_invetory_management_system_a_z\\01. Cinema Blog\\first_course_project_applied\\vendor\\laravel\\framework\\src\\Illuminate\\Routing\\Router.php(798): Illuminate\\Routing\\Route->run()
#9 C:\\wamp64\\www\\project_80_build_complete_invetory_management_system_a_z\\01. Cinema Blog\\first_course_project_applied\\vendor\\laravel\\framework\\src\\Illuminate\\Pipeline\\Pipeline.php(141): Illuminate\\Routing\\Router->Illuminate\\Routing\\{closure}(Object(Illuminate\\Http\\Request))
#10 C:\\wamp64\\www\\project_80_build_complete_invetory_management_system_a_z\\01. Cinema Blog\\first_course_project_applied\\vendor\\laravel\\framework\\src\\Illuminate\\Routing\\Middleware\\SubstituteBindings.php(50): Illuminate\\Pipeline\\Pipeline->Illuminate\\Pipeline\\{closure}(Object(Illuminate\\Http\\Request))
#11 C:\\wamp64\\www\\project_80_build_complete_invetory_management_system_a_z\\01. Cinema Blog\\first_course_project_applied\\vendor\\laravel\\framework\\src\\Illuminate\\Pipeline\\Pipeline.php(180): Illuminate\\Routing\\Middleware\\SubstituteBindings->handle(Object(Illuminate\\Http\\Request), Object(Closure))
#12 C:\\wamp64\\www\\project_80_build_complete_invetory_management_system_a_z\\01. Cinema Blog\\first_course_project_applied\\vendor\\laravel\\framework\\src\\Illuminate\\Foundation\\Http\\Middleware\\VerifyCsrfToken.php(78): Illuminate\\Pipeline\\Pipeline->Illuminate\\Pipeline\\{closure}(Object(Illuminate\\Http\\Request))
#13 C:\\wamp64\\www\\project_80_build_complete_invetory_management_system_a_z\\01. Cinema Blog\\first_course_project_applied\\vendor\\laravel\\framework\\src\\Illuminate\\Pipeline\\Pipeline.php(180): Illuminate\\Foundation\\Http\\Middleware\\VerifyCsrfToken->handle(Object(Illuminate\\Http\\Request), Object(Closure))
#14 C:\\wamp64\\www\\project_80_build_complete_invetory_management_system_a_z\\01. Cinema Blog\\first_course_project_applied\\vendor\\laravel\\framework\\src\\Illuminate\\View\\Middleware\\ShareErrorsFromSession.php(49): Illuminate\\Pipeline\\Pipeline->Illuminate\\Pipeline\\{closure}(Object(Illuminate\\Http\\Request))
#15 C:\\wamp64\\www\\project_80_build_complete_invetory_management_system_a_z\\01. Cinema Blog\\first_course_project_applied\\vendor\\laravel\\framework\\src\\Illuminate\\Pipeline\\Pipeline.php(180): Illuminate\\View\\Middleware\\ShareErrorsFromSession->handle(Object(Illuminate\\Http\\Request), Object(Closure))
#16 C:\\wamp64\\www\\project_80_build_complete_invetory_management_system_a_z\\01. Cinema Blog\\first_course_project_applied\\vendor\\laravel\\framework\\src\\Illuminate\\Session\\Middleware\\StartSession.php(121): Illuminate\\Pipeline\\Pipeline->Illuminate\\Pipeline\\{closure}(Object(Illuminate\\Http\\Request))
#17 C:\\wamp64\\www\\project_80_build_complete_invetory_management_system_a_z\\01. Cinema Blog\\first_course_project_applied\\vendor\\laravel\\framework\\src\\Illuminate\\Session\\Middleware\\StartSession.php(64): Illuminate\\Session\\Middleware\\StartSession->handleStatefulRequest(Object(Illuminate\\Http\\Request), Object(Illuminate\\Session\\Store), Object(Closure))
#18 C:\\wamp64\\www\\project_80_build_complete_invetory_management_system_a_z\\01. Cinema Blog\\first_course_project_applied\\vendor\\laravel\\framework\\src\\Illuminate\\Pipeline\\Pipeline.php(180): Illuminate\\Session\\Middleware\\StartSession->handle(Object(Illuminate\\Http\\Request), Object(Closure))
#19 C:\\wamp64\\www\\project_80_build_complete_invetory_management_system_a_z\\01. Cinema Blog\\first_course_project_applied\\vendor\\laravel\\framework\\src\\Illuminate\\Cookie\\Middleware\\AddQueuedCookiesToResponse.php(37): Illuminate\\Pipeline\\Pipeline->Illuminate\\Pipeline\\{closure}(Object(Illuminate\\Http\\Request))
#20 C:\\wamp64\\www\\project_80_build_complete_invetory_management_system_a_z\\01. Cinema Blog\\first_course_project_applied\\vendor\\laravel\\framework\\src\\Illuminate\\Pipeline\\Pipeline.php(180): Illuminate\\Cookie\\Middleware\\AddQueuedCookiesToResponse->handle(Object(Illuminate\\Http\\Request), Object(Closure))
#21 C:\\wamp64\\www\\project_80_build_complete_invetory_management_system_a_z\\01. Cinema Blog\\first_course_project_applied\\vendor\\laravel\\framework\\src\\Illuminate\\Cookie\\Middleware\\EncryptCookies.php(67): Illuminate\\Pipeline\\Pipeline->Illuminate\\Pipeline\\{closure}(Object(Illuminate\\Http\\Request))
#22 C:\\wamp64\\www\\project_80_build_complete_invetory_management_system_a_z\\01. Cinema Blog\\first_course_project_applied\\vendor\\laravel\\framework\\src\\Illuminate\\Pipeline\\Pipeline.php(180): Illuminate\\Cookie\\Middleware\\EncryptCookies->handle(Object(Illuminate\\Http\\Request), Object(Closure))
#23 C:\\wamp64\\www\\project_80_build_complete_invetory_management_system_a_z\\01. Cinema Blog\\first_course_project_applied\\vendor\\laravel\\framework\\src\\Illuminate\\Pipeline\\Pipeline.php(116): Illuminate\\Pipeline\\Pipeline->Illuminate\\Pipeline\\{closure}(Object(Illuminate\\Http\\Request))
#24 C:\\wamp64\\www\\project_80_build_complete_invetory_management_system_a_z\\01. Cinema Blog\\first_course_project_applied\\vendor\\laravel\\framework\\src\\Illuminate\\Routing\\Router.php(799): Illuminate\\Pipeline\\Pipeline->then(Object(Closure))
#25 C:\\wamp64\\www\\project_80_build_complete_invetory_management_system_a_z\\01. Cinema Blog\\first_course_project_applied\\vendor\\laravel\\framework\\src\\Illuminate\\Routing\\Router.php(776): Illuminate\\Routing\\Router->runRouteWithinStack(Object(Illuminate\\Routing\\Route), Object(Illuminate\\Http\\Request))
#26 C:\\wamp64\\www\\project_80_build_complete_invetory_management_system_a_z\\01. Cinema Blog\\first_course_project_applied\\vendor\\laravel\\framework\\src\\Illuminate\\Routing\\Router.php(740): Illuminate\\Routing\\Router->runRoute(Object(Illuminate\\Http\\Request), Object(Illuminate\\Routing\\Route))
#27 C:\\wamp64\\www\\project_80_build_complete_invetory_management_system_a_z\\01. Cinema Blog\\first_course_project_applied\\vendor\\laravel\\framework\\src\\Illuminate\\Routing\\Router.php(729): Illuminate\\Routing\\Router->dispatchToRoute(Object(Illuminate\\Http\\Request))
#28 C:\\wamp64\\www\\project_80_build_complete_invetory_management_system_a_z\\01. Cinema Blog\\first_course_project_applied\\vendor\\laravel\\framework\\src\\Illuminate\\Foundation\\Http\\Kernel.php(190): Illuminate\\Routing\\Router->dispatch(Object(Illuminate\\Http\\Request))
#29 C:\\wamp64\\www\\project_80_build_complete_invetory_management_system_a_z\\01. Cinema Blog\\first_course_project_applied\\vendor\\laravel\\framework\\src\\Illuminate\\Pipeline\\Pipeline.php(141): Illuminate\\Foundation\\Http\\Kernel->Illuminate\\Foundation\\Http\\{closure}(Object(Illuminate\\Http\\Request))
#30 C:\\wamp64\\www\\project_80_build_complete_invetory_management_system_a_z\\01. Cinema Blog\\first_course_project_applied\\vendor\\laravel\\framework\\src\\Illuminate\\Foundation\\Http\\Middleware\\TransformsRequest.php(21): Illuminate\\Pipeline\\Pipeline->Illuminate\\Pipeline\\{closure}(Object(Illuminate\\Http\\Request))
#31 C:\\wamp64\\www\\project_80_build_complete_invetory_management_system_a_z\\01. Cinema Blog\\first_course_project_applied\\vendor\\laravel\\framework\\src\\Illuminate\\Foundation\\Http\\Middleware\\ConvertEmptyStringsToNull.php(31): Illuminate\\Foundation\\Http\\Middleware\\TransformsRequest->handle(Object(Illuminate\\Http\\Request), Object(Closure))
#32 C:\\wamp64\\www\\project_80_build_complete_invetory_management_system_a_z\\01. Cinema Blog\\first_course_project_applied\\vendor\\laravel\\framework\\src\\Illuminate\\Pipeline\\Pipeline.php(180): Illuminate\\Foundation\\Http\\Middleware\\ConvertEmptyStringsToNull->handle(Object(Illuminate\\Http\\Request), Object(Closure))
#33 C:\\wamp64\\www\\project_80_build_complete_invetory_management_system_a_z\\01. Cinema Blog\\first_course_project_applied\\vendor\\laravel\\framework\\src\\Illuminate\\Foundation\\Http\\Middleware\\TransformsRequest.php(21): Illuminate\\Pipeline\\Pipeline->Illuminate\\Pipeline\\{closure}(Object(Illuminate\\Http\\Request))
#34 C:\\wamp64\\www\\project_80_build_complete_invetory_management_system_a_z\\01. Cinema Blog\\first_course_project_applied\\vendor\\laravel\\framework\\src\\Illuminate\\Foundation\\Http\\Middleware\\TrimStrings.php(40): Illuminate\\Foundation\\Http\\Middleware\\TransformsRequest->handle(Object(Illuminate\\Http\\Request), Object(Closure))
#35 C:\\wamp64\\www\\project_80_build_complete_invetory_management_system_a_z\\01. Cinema Blog\\first_course_project_applied\\vendor\\laravel\\framework\\src\\Illuminate\\Pipeline\\Pipeline.php(180): Illuminate\\Foundation\\Http\\Middleware\\TrimStrings->handle(Object(Illuminate\\Http\\Request), Object(Closure))
#36 C:\\wamp64\\www\\project_80_build_complete_invetory_management_system_a_z\\01. Cinema Blog\\first_course_project_applied\\vendor\\laravel\\framework\\src\\Illuminate\\Foundation\\Http\\Middleware\\ValidatePostSize.php(27): Illuminate\\Pipeline\\Pipeline->Illuminate\\Pipeline\\{closure}(Object(Illuminate\\Http\\Request))
#37 C:\\wamp64\\www\\project_80_build_complete_invetory_management_system_a_z\\01. Cinema Blog\\first_course_project_applied\\vendor\\laravel\\framework\\src\\Illuminate\\Pipeline\\Pipeline.php(180): Illuminate\\Foundation\\Http\\Middleware\\ValidatePostSize->handle(Object(Illuminate\\Http\\Request), Object(Closure))
#38 C:\\wamp64\\www\\project_80_build_complete_invetory_management_system_a_z\\01. Cinema Blog\\first_course_project_applied\\vendor\\laravel\\framework\\src\\Illuminate\\Foundation\\Http\\Middleware\\PreventRequestsDuringMaintenance.php(86): Illuminate\\Pipeline\\Pipeline->Illuminate\\Pipeline\\{closure}(Object(Illuminate\\Http\\Request))
#39 C:\\wamp64\\www\\project_80_build_complete_invetory_management_system_a_z\\01. Cinema Blog\\first_course_project_applied\\vendor\\laravel\\framework\\src\\Illuminate\\Pipeline\\Pipeline.php(180): Illuminate\\Foundation\\Http\\Middleware\\PreventRequestsDuringMaintenance->handle(Object(Illuminate\\Http\\Request), Object(Closure))
#40 C:\\wamp64\\www\\project_80_build_complete_invetory_management_system_a_z\\01. Cinema Blog\\first_course_project_applied\\vendor\\fruitcake\\laravel-cors\\src\\HandleCors.php(38): Illuminate\\Pipeline\\Pipeline->Illuminate\\Pipeline\\{closure}(Object(Illuminate\\Http\\Request))
#41 C:\\wamp64\\www\\project_80_build_complete_invetory_management_system_a_z\\01. Cinema Blog\\first_course_project_applied\\vendor\\laravel\\framework\\src\\Illuminate\\Pipeline\\Pipeline.php(180): Fruitcake\\Cors\\HandleCors->handle(Object(Illuminate\\Http\\Request), Object(Closure))
#42 C:\\wamp64\\www\\project_80_build_complete_invetory_management_system_a_z\\01. Cinema Blog\\first_course_project_applied\\vendor\\laravel\\framework\\src\\Illuminate\\Http\\Middleware\\TrustProxies.php(39): Illuminate\\Pipeline\\Pipeline->Illuminate\\Pipeline\\{closure}(Object(Illuminate\\Http\\Request))
#43 C:\\wamp64\\www\\project_80_build_complete_invetory_management_system_a_z\\01. Cinema Blog\\first_course_project_applied\\vendor\\laravel\\framework\\src\\Illuminate\\Pipeline\\Pipeline.php(180): Illuminate\\Http\\Middleware\\TrustProxies->handle(Object(Illuminate\\Http\\Request), Object(Closure))
#44 C:\\wamp64\\www\\project_80_build_complete_invetory_management_system_a_z\\01. Cinema Blog\\first_course_project_applied\\vendor\\laravel\\framework\\src\\Illuminate\\Pipeline\\Pipeline.php(116): Illuminate\\Pipeline\\Pipeline->Illuminate\\Pipeline\\{closure}(Object(Illuminate\\Http\\Request))
#45 C:\\wamp64\\www\\project_80_build_complete_invetory_management_system_a_z\\01. Cinema Blog\\first_course_project_applied\\vendor\\laravel\\framework\\src\\Illuminate\\Foundation\\Http\\Kernel.php(165): Illuminate\\Pipeline\\Pipeline->then(Object(Closure))
#46 C:\\wamp64\\www\\project_80_build_complete_invetory_management_system_a_z\\01. Cinema Blog\\first_course_project_applied\\vendor\\laravel\\framework\\src\\Illuminate\\Foundation\\Http\\Kernel.php(134): Illuminate\\Foundation\\Http\\Kernel->sendRequestThroughRouter(Object(Illuminate\\Http\\Request))
#47 C:\\wamp64\\www\\project_80_build_complete_invetory_management_system_a_z\\01. Cinema Blog\\first_course_project_applied\\public\\index.php(52): Illuminate\\Foundation\\Http\\Kernel->handle(Object(Illuminate\\Http\\Request))
#48 C:\\wamp64\\www\\project_80_build_complete_invetory_management_system_a_z\\01. Cinema Blog\\first_course_project_applied\\vendor\\laravel\\framework\\src\\Illuminate\\Foundation\\resources\\server.php(16): require_once('C:\\\\wamp64\\\\www\\\\p...')
#49 {main}
"} 
[2023-04-24 19:00:05] local.ERROR: file_put_contents(C:\wamp64\www\project_80_build_complete_invetory_management_system_a_z\first_course_project_applied\storage\framework/sessions/TJ78m7hNLcymV15hxuk5xj7Tp7V2SxS3DvaE5Bav): Failed to open stream: No such file or directory {"exception":"[object] (ErrorException(code: 0): file_put_contents(C:\\wamp64\\www\\project_80_build_complete_invetory_management_system_a_z\\first_course_project_applied\\storage\\framework/sessions/TJ78m7hNLcymV15hxuk5xj7Tp7V2SxS3DvaE5Bav): Failed to open stream: No such file or directory at C:\\wamp64\\www\\project_80_build_complete_invetory_management_system_a_z\\01. Cinema Blog\\first_course_project_applied\\vendor\\laravel\\framework\\src\\Illuminate\\Filesystem\\Filesystem.php:190)
[stacktrace]
#0 C:\\wamp64\\www\\project_80_build_complete_invetory_management_system_a_z\\01. Cinema Blog\\first_course_project_applied\\vendor\\laravel\\framework\\src\\Illuminate\\Foundation\\Bootstrap\\HandleExceptions.php(266): Illuminate\\Foundation\\Bootstrap\\HandleExceptions->handleError(2, 'file_put_conten...', 'C:\\\\wamp64\\\\www\\\\p...', 190)
#1 [internal function]: Illuminate\\Foundation\\Bootstrap\\HandleExceptions->Illuminate\\Foundation\\Bootstrap\\{closure}(2, 'file_put_conten...', 'C:\\\\wamp64\\\\www\\\\p...', 190)
#2 C:\\wamp64\\www\\project_80_build_complete_invetory_management_system_a_z\\01. Cinema Blog\\first_course_project_applied\\vendor\\laravel\\framework\\src\\Illuminate\\Filesystem\\Filesystem.php(190): file_put_contents('C:\\\\wamp64\\\\www\\\\p...', 'a:3:{s:6:\"_toke...', 2)
#3 C:\\wamp64\\www\\project_80_build_complete_invetory_management_system_a_z\\01. Cinema Blog\\first_course_project_applied\\vendor\\laravel\\framework\\src\\Illuminate\\Session\\FileSessionHandler.php(90): Illuminate\\Filesystem\\Filesystem->put('C:\\\\wamp64\\\\www\\\\p...', 'a:3:{s:6:\"_toke...', true)
#4 C:\\wamp64\\www\\project_80_build_complete_invetory_management_system_a_z\\01. Cinema Blog\\first_course_project_applied\\vendor\\laravel\\framework\\src\\Illuminate\\Session\\Store.php(173): Illuminate\\Session\\FileSessionHandler->write('TJ78m7hNLcymV15...', 'a:3:{s:6:\"_toke...')
#5 C:\\wamp64\\www\\project_80_build_complete_invetory_management_system_a_z\\01. Cinema Blog\\first_course_project_applied\\vendor\\laravel\\framework\\src\\Illuminate\\Session\\Middleware\\StartSession.php(238): Illuminate\\Session\\Store->save()
#6 C:\\wamp64\\www\\project_80_build_complete_invetory_management_system_a_z\\01. Cinema Blog\\first_course_project_applied\\vendor\\laravel\\framework\\src\\Illuminate\\Session\\Middleware\\StartSession.php(130): Illuminate\\Session\\Middleware\\StartSession->saveSession(Object(Illuminate\\Http\\Request))
#7 C:\\wamp64\\www\\project_80_build_complete_invetory_management_system_a_z\\01. Cinema Blog\\first_course_project_applied\\vendor\\laravel\\framework\\src\\Illuminate\\Session\\Middleware\\StartSession.php(64): Illuminate\\Session\\Middleware\\StartSession->handleStatefulRequest(Object(Illuminate\\Http\\Request), Object(Illuminate\\Session\\Store), Object(Closure))
#8 C:\\wamp64\\www\\project_80_build_complete_invetory_management_system_a_z\\01. Cinema Blog\\first_course_project_applied\\vendor\\laravel\\framework\\src\\Illuminate\\Pipeline\\Pipeline.php(180): Illuminate\\Session\\Middleware\\StartSession->handle(Object(Illuminate\\Http\\Request), Object(Closure))
#9 C:\\wamp64\\www\\project_80_build_complete_invetory_management_system_a_z\\01. Cinema Blog\\first_course_project_applied\\vendor\\laravel\\framework\\src\\Illuminate\\Cookie\\Middleware\\AddQueuedCookiesToResponse.php(37): Illuminate\\Pipeline\\Pipeline->Illuminate\\Pipeline\\{closure}(Object(Illuminate\\Http\\Request))
#10 C:\\wamp64\\www\\project_80_build_complete_invetory_management_system_a_z\\01. Cinema Blog\\first_course_project_applied\\vendor\\laravel\\framework\\src\\Illuminate\\Pipeline\\Pipeline.php(180): Illuminate\\Cookie\\Middleware\\AddQueuedCookiesToResponse->handle(Object(Illuminate\\Http\\Request), Object(Closure))
#11 C:\\wamp64\\www\\project_80_build_complete_invetory_management_system_a_z\\01. Cinema Blog\\first_course_project_applied\\vendor\\laravel\\framework\\src\\Illuminate\\Cookie\\Middleware\\EncryptCookies.php(67): Illuminate\\Pipeline\\Pipeline->Illuminate\\Pipeline\\{closure}(Object(Illuminate\\Http\\Request))
#12 C:\\wamp64\\www\\project_80_build_complete_invetory_management_system_a_z\\01. Cinema Blog\\first_course_project_applied\\vendor\\laravel\\framework\\src\\Illuminate\\Pipeline\\Pipeline.php(180): Illuminate\\Cookie\\Middleware\\EncryptCookies->handle(Object(Illuminate\\Http\\Request), Object(Closure))
#13 C:\\wamp64\\www\\project_80_build_complete_invetory_management_system_a_z\\01. Cinema Blog\\first_course_project_applied\\vendor\\laravel\\framework\\src\\Illuminate\\Pipeline\\Pipeline.php(116): Illuminate\\Pipeline\\Pipeline->Illuminate\\Pipeline\\{closure}(Object(Illuminate\\Http\\Request))
#14 C:\\wamp64\\www\\project_80_build_complete_invetory_management_system_a_z\\01. Cinema Blog\\first_course_project_applied\\vendor\\laravel\\framework\\src\\Illuminate\\Routing\\Router.php(799): Illuminate\\Pipeline\\Pipeline->then(Object(Closure))
#15 C:\\wamp64\\www\\project_80_build_complete_invetory_management_system_a_z\\01. Cinema Blog\\first_course_project_applied\\vendor\\laravel\\framework\\src\\Illuminate\\Routing\\Router.php(776): Illuminate\\Routing\\Router->runRouteWithinStack(Object(Illuminate\\Routing\\Route), Object(Illuminate\\Http\\Request))
#16 C:\\wamp64\\www\\project_80_build_complete_invetory_management_system_a_z\\01. Cinema Blog\\first_course_project_applied\\vendor\\laravel\\framework\\src\\Illuminate\\Routing\\Router.php(740): Illuminate\\Routing\\Router->runRoute(Object(Illuminate\\Http\\Request), Object(Illuminate\\Routing\\Route))
#17 C:\\wamp64\\www\\project_80_build_complete_invetory_management_system_a_z\\01. Cinema Blog\\first_course_project_applied\\vendor\\laravel\\framework\\src\\Illuminate\\Routing\\Router.php(729): Illuminate\\Routing\\Router->dispatchToRoute(Object(Illuminate\\Http\\Request))
#18 C:\\wamp64\\www\\project_80_build_complete_invetory_management_system_a_z\\01. Cinema Blog\\first_course_project_applied\\vendor\\laravel\\framework\\src\\Illuminate\\Foundation\\Http\\Kernel.php(190): Illuminate\\Routing\\Router->dispatch(Object(Illuminate\\Http\\Request))
#19 C:\\wamp64\\www\\project_80_build_complete_invetory_management_system_a_z\\01. Cinema Blog\\first_course_project_applied\\vendor\\laravel\\framework\\src\\Illuminate\\Pipeline\\Pipeline.php(141): Illuminate\\Foundation\\Http\\Kernel->Illuminate\\Foundation\\Http\\{closure}(Object(Illuminate\\Http\\Request))
#20 C:\\wamp64\\www\\project_80_build_complete_invetory_management_system_a_z\\01. Cinema Blog\\first_course_project_applied\\vendor\\laravel\\framework\\src\\Illuminate\\Foundation\\Http\\Middleware\\TransformsRequest.php(21): Illuminate\\Pipeline\\Pipeline->Illuminate\\Pipeline\\{closure}(Object(Illuminate\\Http\\Request))
#21 C:\\wamp64\\www\\project_80_build_complete_invetory_management_system_a_z\\01. Cinema Blog\\first_course_project_applied\\vendor\\laravel\\framework\\src\\Illuminate\\Foundation\\Http\\Middleware\\ConvertEmptyStringsToNull.php(31): Illuminate\\Foundation\\Http\\Middleware\\TransformsRequest->handle(Object(Illuminate\\Http\\Request), Object(Closure))
#22 C:\\wamp64\\www\\project_80_build_complete_invetory_management_system_a_z\\01. Cinema Blog\\first_course_project_applied\\vendor\\laravel\\framework\\src\\Illuminate\\Pipeline\\Pipeline.php(180): Illuminate\\Foundation\\Http\\Middleware\\ConvertEmptyStringsToNull->handle(Object(Illuminate\\Http\\Request), Object(Closure))
#23 C:\\wamp64\\www\\project_80_build_complete_invetory_management_system_a_z\\01. Cinema Blog\\first_course_project_applied\\vendor\\laravel\\framework\\src\\Illuminate\\Foundation\\Http\\Middleware\\TransformsRequest.php(21): Illuminate\\Pipeline\\Pipeline->Illuminate\\Pipeline\\{closure}(Object(Illuminate\\Http\\Request))
#24 C:\\wamp64\\www\\project_80_build_complete_invetory_management_system_a_z\\01. Cinema Blog\\first_course_project_applied\\vendor\\laravel\\framework\\src\\Illuminate\\Foundation\\Http\\Middleware\\TrimStrings.php(40): Illuminate\\Foundation\\Http\\Middleware\\TransformsRequest->handle(Object(Illuminate\\Http\\Request), Object(Closure))
#25 C:\\wamp64\\www\\project_80_build_complete_invetory_management_system_a_z\\01. Cinema Blog\\first_course_project_applied\\vendor\\laravel\\framework\\src\\Illuminate\\Pipeline\\Pipeline.php(180): Illuminate\\Foundation\\Http\\Middleware\\TrimStrings->handle(Object(Illuminate\\Http\\Request), Object(Closure))
#26 C:\\wamp64\\www\\project_80_build_complete_invetory_management_system_a_z\\01. Cinema Blog\\first_course_project_applied\\vendor\\laravel\\framework\\src\\Illuminate\\Foundation\\Http\\Middleware\\ValidatePostSize.php(27): Illuminate\\Pipeline\\Pipeline->Illuminate\\Pipeline\\{closure}(Object(Illuminate\\Http\\Request))
#27 C:\\wamp64\\www\\project_80_build_complete_invetory_management_system_a_z\\01. Cinema Blog\\first_course_project_applied\\vendor\\laravel\\framework\\src\\Illuminate\\Pipeline\\Pipeline.php(180): Illuminate\\Foundation\\Http\\Middleware\\ValidatePostSize->handle(Object(Illuminate\\Http\\Request), Object(Closure))
#28 C:\\wamp64\\www\\project_80_build_complete_invetory_management_system_a_z\\01. Cinema Blog\\first_course_project_applied\\vendor\\laravel\\framework\\src\\Illuminate\\Foundation\\Http\\Middleware\\PreventRequestsDuringMaintenance.php(86): Illuminate\\Pipeline\\Pipeline->Illuminate\\Pipeline\\{closure}(Object(Illuminate\\Http\\Request))
#29 C:\\wamp64\\www\\project_80_build_complete_invetory_management_system_a_z\\01. Cinema Blog\\first_course_project_applied\\vendor\\laravel\\framework\\src\\Illuminate\\Pipeline\\Pipeline.php(180): Illuminate\\Foundation\\Http\\Middleware\\PreventRequestsDuringMaintenance->handle(Object(Illuminate\\Http\\Request), Object(Closure))
#30 C:\\wamp64\\www\\project_80_build_complete_invetory_management_system_a_z\\01. Cinema Blog\\first_course_project_applied\\vendor\\fruitcake\\laravel-cors\\src\\HandleCors.php(38): Illuminate\\Pipeline\\Pipeline->Illuminate\\Pipeline\\{closure}(Object(Illuminate\\Http\\Request))
#31 C:\\wamp64\\www\\project_80_build_complete_invetory_management_system_a_z\\01. Cinema Blog\\first_course_project_applied\\vendor\\laravel\\framework\\src\\Illuminate\\Pipeline\\Pipeline.php(180): Fruitcake\\Cors\\HandleCors->handle(Object(Illuminate\\Http\\Request), Object(Closure))
#32 C:\\wamp64\\www\\project_80_build_complete_invetory_management_system_a_z\\01. Cinema Blog\\first_course_project_applied\\vendor\\laravel\\framework\\src\\Illuminate\\Http\\Middleware\\TrustProxies.php(39): Illuminate\\Pipeline\\Pipeline->Illuminate\\Pipeline\\{closure}(Object(Illuminate\\Http\\Request))
#33 C:\\wamp64\\www\\project_80_build_complete_invetory_management_system_a_z\\01. Cinema Blog\\first_course_project_applied\\vendor\\laravel\\framework\\src\\Illuminate\\Pipeline\\Pipeline.php(180): Illuminate\\Http\\Middleware\\TrustProxies->handle(Object(Illuminate\\Http\\Request), Object(Closure))
#34 C:\\wamp64\\www\\project_80_build_complete_invetory_management_system_a_z\\01. Cinema Blog\\first_course_project_applied\\vendor\\laravel\\framework\\src\\Illuminate\\Pipeline\\Pipeline.php(116): Illuminate\\Pipeline\\Pipeline->Illuminate\\Pipeline\\{closure}(Object(Illuminate\\Http\\Request))
#35 C:\\wamp64\\www\\project_80_build_complete_invetory_management_system_a_z\\01. Cinema Blog\\first_course_project_applied\\vendor\\laravel\\framework\\src\\Illuminate\\Foundation\\Http\\Kernel.php(165): Illuminate\\Pipeline\\Pipeline->then(Object(Closure))
#36 C:\\wamp64\\www\\project_80_build_complete_invetory_management_system_a_z\\01. Cinema Blog\\first_course_project_applied\\vendor\\laravel\\framework\\src\\Illuminate\\Foundation\\Http\\Kernel.php(134): Illuminate\\Foundation\\Http\\Kernel->sendRequestThroughRouter(Object(Illuminate\\Http\\Request))
#37 C:\\wamp64\\www\\project_80_build_complete_invetory_management_system_a_z\\01. Cinema Blog\\first_course_project_applied\\public\\index.php(52): Illuminate\\Foundation\\Http\\Kernel->handle(Object(Illuminate\\Http\\Request))
#38 C:\\wamp64\\www\\project_80_build_complete_invetory_management_system_a_z\\01. Cinema Blog\\first_course_project_applied\\vendor\\laravel\\framework\\src\\Illuminate\\Foundation\\resources\\server.php(16): require_once('C:\\\\wamp64\\\\www\\\\p...')
#39 {main}
"} 
[2023-04-24 19:00:21] local.ERROR: View [frontend.index] not found. {"exception":"[object] (InvalidArgumentException(code: 0): View [frontend.index] not found. at C:\\wamp64\\www\\project_80_build_complete_invetory_management_system_a_z\\01. Cinema Blog\\first_course_project_applied\\vendor\\laravel\\framework\\src\\Illuminate\\View\\FileViewFinder.php:137)
[stacktrace]
#0 C:\\wamp64\\www\\project_80_build_complete_invetory_management_system_a_z\\01. Cinema Blog\\first_course_project_applied\\vendor\\laravel\\framework\\src\\Illuminate\\View\\FileViewFinder.php(79): Illuminate\\View\\FileViewFinder->findInPaths('frontend.index', Array)
#1 C:\\wamp64\\www\\project_80_build_complete_invetory_management_system_a_z\\01. Cinema Blog\\first_course_project_applied\\vendor\\laravel\\framework\\src\\Illuminate\\View\\Factory.php(138): Illuminate\\View\\FileViewFinder->find('frontend.index')
#2 C:\\wamp64\\www\\project_80_build_complete_invetory_management_system_a_z\\01. Cinema Blog\\first_course_project_applied\\vendor\\laravel\\framework\\src\\Illuminate\\Foundation\\helpers.php(1035): Illuminate\\View\\Factory->make('frontend.index', Array, Array)
#3 C:\\wamp64\\www\\project_80_build_complete_invetory_management_system_a_z\\01. Cinema Blog\\first_course_project_applied\\app\\Http\\Controllers\\Demo\\DemoController.php(11): view('frontend.index')
#4 C:\\wamp64\\www\\project_80_build_complete_invetory_management_system_a_z\\01. Cinema Blog\\first_course_project_applied\\vendor\\laravel\\framework\\src\\Illuminate\\Routing\\Controller.php(54): App\\Http\\Controllers\\Demo\\DemoController->HomeMain()
#5 C:\\wamp64\\www\\project_80_build_complete_invetory_management_system_a_z\\01. Cinema Blog\\first_course_project_applied\\vendor\\laravel\\framework\\src\\Illuminate\\Routing\\ControllerDispatcher.php(43): Illuminate\\Routing\\Controller->callAction('HomeMain', Array)
#6 C:\\wamp64\\www\\project_80_build_complete_invetory_management_system_a_z\\01. Cinema Blog\\first_course_project_applied\\vendor\\laravel\\framework\\src\\Illuminate\\Routing\\Route.php(260): Illuminate\\Routing\\ControllerDispatcher->dispatch(Object(Illuminate\\Routing\\Route), Object(App\\Http\\Controllers\\Demo\\DemoController), 'HomeMain')
#7 C:\\wamp64\\www\\project_80_build_complete_invetory_management_system_a_z\\01. Cinema Blog\\first_course_project_applied\\vendor\\laravel\\framework\\src\\Illuminate\\Routing\\Route.php(205): Illuminate\\Routing\\Route->runController()
#8 C:\\wamp64\\www\\project_80_build_complete_invetory_management_system_a_z\\01. Cinema Blog\\first_course_project_applied\\vendor\\laravel\\framework\\src\\Illuminate\\Routing\\Router.php(798): Illuminate\\Routing\\Route->run()
#9 C:\\wamp64\\www\\project_80_build_complete_invetory_management_system_a_z\\01. Cinema Blog\\first_course_project_applied\\vendor\\laravel\\framework\\src\\Illuminate\\Pipeline\\Pipeline.php(141): Illuminate\\Routing\\Router->Illuminate\\Routing\\{closure}(Object(Illuminate\\Http\\Request))
#10 C:\\wamp64\\www\\project_80_build_complete_invetory_management_system_a_z\\01. Cinema Blog\\first_course_project_applied\\vendor\\laravel\\framework\\src\\Illuminate\\Routing\\Middleware\\SubstituteBindings.php(50): Illuminate\\Pipeline\\Pipeline->Illuminate\\Pipeline\\{closure}(Object(Illuminate\\Http\\Request))
#11 C:\\wamp64\\www\\project_80_build_complete_invetory_management_system_a_z\\01. Cinema Blog\\first_course_project_applied\\vendor\\laravel\\framework\\src\\Illuminate\\Pipeline\\Pipeline.php(180): Illuminate\\Routing\\Middleware\\SubstituteBindings->handle(Object(Illuminate\\Http\\Request), Object(Closure))
#12 C:\\wamp64\\www\\project_80_build_complete_invetory_management_system_a_z\\01. Cinema Blog\\first_course_project_applied\\vendor\\laravel\\framework\\src\\Illuminate\\Foundation\\Http\\Middleware\\VerifyCsrfToken.php(78): Illuminate\\Pipeline\\Pipeline->Illuminate\\Pipeline\\{closure}(Object(Illuminate\\Http\\Request))
#13 C:\\wamp64\\www\\project_80_build_complete_invetory_management_system_a_z\\01. Cinema Blog\\first_course_project_applied\\vendor\\laravel\\framework\\src\\Illuminate\\Pipeline\\Pipeline.php(180): Illuminate\\Foundation\\Http\\Middleware\\VerifyCsrfToken->handle(Object(Illuminate\\Http\\Request), Object(Closure))
#14 C:\\wamp64\\www\\project_80_build_complete_invetory_management_system_a_z\\01. Cinema Blog\\first_course_project_applied\\vendor\\laravel\\framework\\src\\Illuminate\\View\\Middleware\\ShareErrorsFromSession.php(49): Illuminate\\Pipeline\\Pipeline->Illuminate\\Pipeline\\{closure}(Object(Illuminate\\Http\\Request))
#15 C:\\wamp64\\www\\project_80_build_complete_invetory_management_system_a_z\\01. Cinema Blog\\first_course_project_applied\\vendor\\laravel\\framework\\src\\Illuminate\\Pipeline\\Pipeline.php(180): Illuminate\\View\\Middleware\\ShareErrorsFromSession->handle(Object(Illuminate\\Http\\Request), Object(Closure))
#16 C:\\wamp64\\www\\project_80_build_complete_invetory_management_system_a_z\\01. Cinema Blog\\first_course_project_applied\\vendor\\laravel\\framework\\src\\Illuminate\\Session\\Middleware\\StartSession.php(121): Illuminate\\Pipeline\\Pipeline->Illuminate\\Pipeline\\{closure}(Object(Illuminate\\Http\\Request))
#17 C:\\wamp64\\www\\project_80_build_complete_invetory_management_system_a_z\\01. Cinema Blog\\first_course_project_applied\\vendor\\laravel\\framework\\src\\Illuminate\\Session\\Middleware\\StartSession.php(64): Illuminate\\Session\\Middleware\\StartSession->handleStatefulRequest(Object(Illuminate\\Http\\Request), Object(Illuminate\\Session\\Store), Object(Closure))
#18 C:\\wamp64\\www\\project_80_build_complete_invetory_management_system_a_z\\01. Cinema Blog\\first_course_project_applied\\vendor\\laravel\\framework\\src\\Illuminate\\Pipeline\\Pipeline.php(180): Illuminate\\Session\\Middleware\\StartSession->handle(Object(Illuminate\\Http\\Request), Object(Closure))
#19 C:\\wamp64\\www\\project_80_build_complete_invetory_management_system_a_z\\01. Cinema Blog\\first_course_project_applied\\vendor\\laravel\\framework\\src\\Illuminate\\Cookie\\Middleware\\AddQueuedCookiesToResponse.php(37): Illuminate\\Pipeline\\Pipeline->Illuminate\\Pipeline\\{closure}(Object(Illuminate\\Http\\Request))
#20 C:\\wamp64\\www\\project_80_build_complete_invetory_management_system_a_z\\01. Cinema Blog\\first_course_project_applied\\vendor\\laravel\\framework\\src\\Illuminate\\Pipeline\\Pipeline.php(180): Illuminate\\Cookie\\Middleware\\AddQueuedCookiesToResponse->handle(Object(Illuminate\\Http\\Request), Object(Closure))
#21 C:\\wamp64\\www\\project_80_build_complete_invetory_management_system_a_z\\01. Cinema Blog\\first_course_project_applied\\vendor\\laravel\\framework\\src\\Illuminate\\Cookie\\Middleware\\EncryptCookies.php(67): Illuminate\\Pipeline\\Pipeline->Illuminate\\Pipeline\\{closure}(Object(Illuminate\\Http\\Request))
#22 C:\\wamp64\\www\\project_80_build_complete_invetory_management_system_a_z\\01. Cinema Blog\\first_course_project_applied\\vendor\\laravel\\framework\\src\\Illuminate\\Pipeline\\Pipeline.php(180): Illuminate\\Cookie\\Middleware\\EncryptCookies->handle(Object(Illuminate\\Http\\Request), Object(Closure))
#23 C:\\wamp64\\www\\project_80_build_complete_invetory_management_system_a_z\\01. Cinema Blog\\first_course_project_applied\\vendor\\laravel\\framework\\src\\Illuminate\\Pipeline\\Pipeline.php(116): Illuminate\\Pipeline\\Pipeline->Illuminate\\Pipeline\\{closure}(Object(Illuminate\\Http\\Request))
#24 C:\\wamp64\\www\\project_80_build_complete_invetory_management_system_a_z\\01. Cinema Blog\\first_course_project_applied\\vendor\\laravel\\framework\\src\\Illuminate\\Routing\\Router.php(799): Illuminate\\Pipeline\\Pipeline->then(Object(Closure))
#25 C:\\wamp64\\www\\project_80_build_complete_invetory_management_system_a_z\\01. Cinema Blog\\first_course_project_applied\\vendor\\laravel\\framework\\src\\Illuminate\\Routing\\Router.php(776): Illuminate\\Routing\\Router->runRouteWithinStack(Object(Illuminate\\Routing\\Route), Object(Illuminate\\Http\\Request))
#26 C:\\wamp64\\www\\project_80_build_complete_invetory_management_system_a_z\\01. Cinema Blog\\first_course_project_applied\\vendor\\laravel\\framework\\src\\Illuminate\\Routing\\Router.php(740): Illuminate\\Routing\\Router->runRoute(Object(Illuminate\\Http\\Request), Object(Illuminate\\Routing\\Route))
#27 C:\\wamp64\\www\\project_80_build_complete_invetory_management_system_a_z\\01. Cinema Blog\\first_course_project_applied\\vendor\\laravel\\framework\\src\\Illuminate\\Routing\\Router.php(729): Illuminate\\Routing\\Router->dispatchToRoute(Object(Illuminate\\Http\\Request))
#28 C:\\wamp64\\www\\project_80_build_complete_invetory_management_system_a_z\\01. Cinema Blog\\first_course_project_applied\\vendor\\laravel\\framework\\src\\Illuminate\\Foundation\\Http\\Kernel.php(190): Illuminate\\Routing\\Router->dispatch(Object(Illuminate\\Http\\Request))
#29 C:\\wamp64\\www\\project_80_build_complete_invetory_management_system_a_z\\01. Cinema Blog\\first_course_project_applied\\vendor\\laravel\\framework\\src\\Illuminate\\Pipeline\\Pipeline.php(141): Illuminate\\Foundation\\Http\\Kernel->Illuminate\\Foundation\\Http\\{closure}(Object(Illuminate\\Http\\Request))
#30 C:\\wamp64\\www\\project_80_build_complete_invetory_management_system_a_z\\01. Cinema Blog\\first_course_project_applied\\vendor\\laravel\\framework\\src\\Illuminate\\Foundation\\Http\\Middleware\\TransformsRequest.php(21): Illuminate\\Pipeline\\Pipeline->Illuminate\\Pipeline\\{closure}(Object(Illuminate\\Http\\Request))
#31 C:\\wamp64\\www\\project_80_build_complete_invetory_management_system_a_z\\01. Cinema Blog\\first_course_project_applied\\vendor\\laravel\\framework\\src\\Illuminate\\Foundation\\Http\\Middleware\\ConvertEmptyStringsToNull.php(31): Illuminate\\Foundation\\Http\\Middleware\\TransformsRequest->handle(Object(Illuminate\\Http\\Request), Object(Closure))
#32 C:\\wamp64\\www\\project_80_build_complete_invetory_management_system_a_z\\01. Cinema Blog\\first_course_project_applied\\vendor\\laravel\\framework\\src\\Illuminate\\Pipeline\\Pipeline.php(180): Illuminate\\Foundation\\Http\\Middleware\\ConvertEmptyStringsToNull->handle(Object(Illuminate\\Http\\Request), Object(Closure))
#33 C:\\wamp64\\www\\project_80_build_complete_invetory_management_system_a_z\\01. Cinema Blog\\first_course_project_applied\\vendor\\laravel\\framework\\src\\Illuminate\\Foundation\\Http\\Middleware\\TransformsRequest.php(21): Illuminate\\Pipeline\\Pipeline->Illuminate\\Pipeline\\{closure}(Object(Illuminate\\Http\\Request))
#34 C:\\wamp64\\www\\project_80_build_complete_invetory_management_system_a_z\\01. Cinema Blog\\first_course_project_applied\\vendor\\laravel\\framework\\src\\Illuminate\\Foundation\\Http\\Middleware\\TrimStrings.php(40): Illuminate\\Foundation\\Http\\Middleware\\TransformsRequest->handle(Object(Illuminate\\Http\\Request), Object(Closure))
#35 C:\\wamp64\\www\\project_80_build_complete_invetory_management_system_a_z\\01. Cinema Blog\\first_course_project_applied\\vendor\\laravel\\framework\\src\\Illuminate\\Pipeline\\Pipeline.php(180): Illuminate\\Foundation\\Http\\Middleware\\TrimStrings->handle(Object(Illuminate\\Http\\Request), Object(Closure))
#36 C:\\wamp64\\www\\project_80_build_complete_invetory_management_system_a_z\\01. Cinema Blog\\first_course_project_applied\\vendor\\laravel\\framework\\src\\Illuminate\\Foundation\\Http\\Middleware\\ValidatePostSize.php(27): Illuminate\\Pipeline\\Pipeline->Illuminate\\Pipeline\\{closure}(Object(Illuminate\\Http\\Request))
#37 C:\\wamp64\\www\\project_80_build_complete_invetory_management_system_a_z\\01. Cinema Blog\\first_course_project_applied\\vendor\\laravel\\framework\\src\\Illuminate\\Pipeline\\Pipeline.php(180): Illuminate\\Foundation\\Http\\Middleware\\ValidatePostSize->handle(Object(Illuminate\\Http\\Request), Object(Closure))
#38 C:\\wamp64\\www\\project_80_build_complete_invetory_management_system_a_z\\01. Cinema Blog\\first_course_project_applied\\vendor\\laravel\\framework\\src\\Illuminate\\Foundation\\Http\\Middleware\\PreventRequestsDuringMaintenance.php(86): Illuminate\\Pipeline\\Pipeline->Illuminate\\Pipeline\\{closure}(Object(Illuminate\\Http\\Request))
#39 C:\\wamp64\\www\\project_80_build_complete_invetory_management_system_a_z\\01. Cinema Blog\\first_course_project_applied\\vendor\\laravel\\framework\\src\\Illuminate\\Pipeline\\Pipeline.php(180): Illuminate\\Foundation\\Http\\Middleware\\PreventRequestsDuringMaintenance->handle(Object(Illuminate\\Http\\Request), Object(Closure))
#40 C:\\wamp64\\www\\project_80_build_complete_invetory_management_system_a_z\\01. Cinema Blog\\first_course_project_applied\\vendor\\fruitcake\\laravel-cors\\src\\HandleCors.php(38): Illuminate\\Pipeline\\Pipeline->Illuminate\\Pipeline\\{closure}(Object(Illuminate\\Http\\Request))
#41 C:\\wamp64\\www\\project_80_build_complete_invetory_management_system_a_z\\01. Cinema Blog\\first_course_project_applied\\vendor\\laravel\\framework\\src\\Illuminate\\Pipeline\\Pipeline.php(180): Fruitcake\\Cors\\HandleCors->handle(Object(Illuminate\\Http\\Request), Object(Closure))
#42 C:\\wamp64\\www\\project_80_build_complete_invetory_management_system_a_z\\01. Cinema Blog\\first_course_project_applied\\vendor\\laravel\\framework\\src\\Illuminate\\Http\\Middleware\\TrustProxies.php(39): Illuminate\\Pipeline\\Pipeline->Illuminate\\Pipeline\\{closure}(Object(Illuminate\\Http\\Request))
#43 C:\\wamp64\\www\\project_80_build_complete_invetory_management_system_a_z\\01. Cinema Blog\\first_course_project_applied\\vendor\\laravel\\framework\\src\\Illuminate\\Pipeline\\Pipeline.php(180): Illuminate\\Http\\Middleware\\TrustProxies->handle(Object(Illuminate\\Http\\Request), Object(Closure))
#44 C:\\wamp64\\www\\project_80_build_complete_invetory_management_system_a_z\\01. Cinema Blog\\first_course_project_applied\\vendor\\laravel\\framework\\src\\Illuminate\\Pipeline\\Pipeline.php(116): Illuminate\\Pipeline\\Pipeline->Illuminate\\Pipeline\\{closure}(Object(Illuminate\\Http\\Request))
#45 C:\\wamp64\\www\\project_80_build_complete_invetory_management_system_a_z\\01. Cinema Blog\\first_course_project_applied\\vendor\\laravel\\framework\\src\\Illuminate\\Foundation\\Http\\Kernel.php(165): Illuminate\\Pipeline\\Pipeline->then(Object(Closure))
#46 C:\\wamp64\\www\\project_80_build_complete_invetory_management_system_a_z\\01. Cinema Blog\\first_course_project_applied\\vendor\\laravel\\framework\\src\\Illuminate\\Foundation\\Http\\Kernel.php(134): Illuminate\\Foundation\\Http\\Kernel->sendRequestThroughRouter(Object(Illuminate\\Http\\Request))
#47 C:\\wamp64\\www\\project_80_build_complete_invetory_management_system_a_z\\01. Cinema Blog\\first_course_project_applied\\public\\index.php(52): Illuminate\\Foundation\\Http\\Kernel->handle(Object(Illuminate\\Http\\Request))
#48 C:\\wamp64\\www\\project_80_build_complete_invetory_management_system_a_z\\01. Cinema Blog\\first_course_project_applied\\vendor\\laravel\\framework\\src\\Illuminate\\Foundation\\resources\\server.php(16): require_once('C:\\\\wamp64\\\\www\\\\p...')
#49 {main}
"} 
[2023-04-24 19:00:22] local.ERROR: file_put_contents(C:\wamp64\www\project_80_build_complete_invetory_management_system_a_z\first_course_project_applied\storage\framework/sessions/cXOtZ7dkXBB7GJTssteh7mUOBJLp0J0n5xZe2vsc): Failed to open stream: No such file or directory {"exception":"[object] (ErrorException(code: 0): file_put_contents(C:\\wamp64\\www\\project_80_build_complete_invetory_management_system_a_z\\first_course_project_applied\\storage\\framework/sessions/cXOtZ7dkXBB7GJTssteh7mUOBJLp0J0n5xZe2vsc): Failed to open stream: No such file or directory at C:\\wamp64\\www\\project_80_build_complete_invetory_management_system_a_z\\01. Cinema Blog\\first_course_project_applied\\vendor\\laravel\\framework\\src\\Illuminate\\Filesystem\\Filesystem.php:190)
[stacktrace]
#0 C:\\wamp64\\www\\project_80_build_complete_invetory_management_system_a_z\\01. Cinema Blog\\first_course_project_applied\\vendor\\laravel\\framework\\src\\Illuminate\\Foundation\\Bootstrap\\HandleExceptions.php(266): Illuminate\\Foundation\\Bootstrap\\HandleExceptions->handleError(2, 'file_put_conten...', 'C:\\\\wamp64\\\\www\\\\p...', 190)
#1 [internal function]: Illuminate\\Foundation\\Bootstrap\\HandleExceptions->Illuminate\\Foundation\\Bootstrap\\{closure}(2, 'file_put_conten...', 'C:\\\\wamp64\\\\www\\\\p...', 190)
#2 C:\\wamp64\\www\\project_80_build_complete_invetory_management_system_a_z\\01. Cinema Blog\\first_course_project_applied\\vendor\\laravel\\framework\\src\\Illuminate\\Filesystem\\Filesystem.php(190): file_put_contents('C:\\\\wamp64\\\\www\\\\p...', 'a:3:{s:6:\"_toke...', 2)
#3 C:\\wamp64\\www\\project_80_build_complete_invetory_management_system_a_z\\01. Cinema Blog\\first_course_project_applied\\vendor\\laravel\\framework\\src\\Illuminate\\Session\\FileSessionHandler.php(90): Illuminate\\Filesystem\\Filesystem->put('C:\\\\wamp64\\\\www\\\\p...', 'a:3:{s:6:\"_toke...', true)
#4 C:\\wamp64\\www\\project_80_build_complete_invetory_management_system_a_z\\01. Cinema Blog\\first_course_project_applied\\vendor\\laravel\\framework\\src\\Illuminate\\Session\\Store.php(173): Illuminate\\Session\\FileSessionHandler->write('cXOtZ7dkXBB7GJT...', 'a:3:{s:6:\"_toke...')
#5 C:\\wamp64\\www\\project_80_build_complete_invetory_management_system_a_z\\01. Cinema Blog\\first_course_project_applied\\vendor\\laravel\\framework\\src\\Illuminate\\Session\\Middleware\\StartSession.php(238): Illuminate\\Session\\Store->save()
#6 C:\\wamp64\\www\\project_80_build_complete_invetory_management_system_a_z\\01. Cinema Blog\\first_course_project_applied\\vendor\\laravel\\framework\\src\\Illuminate\\Session\\Middleware\\StartSession.php(130): Illuminate\\Session\\Middleware\\StartSession->saveSession(Object(Illuminate\\Http\\Request))
#7 C:\\wamp64\\www\\project_80_build_complete_invetory_management_system_a_z\\01. Cinema Blog\\first_course_project_applied\\vendor\\laravel\\framework\\src\\Illuminate\\Session\\Middleware\\StartSession.php(64): Illuminate\\Session\\Middleware\\StartSession->handleStatefulRequest(Object(Illuminate\\Http\\Request), Object(Illuminate\\Session\\Store), Object(Closure))
#8 C:\\wamp64\\www\\project_80_build_complete_invetory_management_system_a_z\\01. Cinema Blog\\first_course_project_applied\\vendor\\laravel\\framework\\src\\Illuminate\\Pipeline\\Pipeline.php(180): Illuminate\\Session\\Middleware\\StartSession->handle(Object(Illuminate\\Http\\Request), Object(Closure))
#9 C:\\wamp64\\www\\project_80_build_complete_invetory_management_system_a_z\\01. Cinema Blog\\first_course_project_applied\\vendor\\laravel\\framework\\src\\Illuminate\\Cookie\\Middleware\\AddQueuedCookiesToResponse.php(37): Illuminate\\Pipeline\\Pipeline->Illuminate\\Pipeline\\{closure}(Object(Illuminate\\Http\\Request))
#10 C:\\wamp64\\www\\project_80_build_complete_invetory_management_system_a_z\\01. Cinema Blog\\first_course_project_applied\\vendor\\laravel\\framework\\src\\Illuminate\\Pipeline\\Pipeline.php(180): Illuminate\\Cookie\\Middleware\\AddQueuedCookiesToResponse->handle(Object(Illuminate\\Http\\Request), Object(Closure))
#11 C:\\wamp64\\www\\project_80_build_complete_invetory_management_system_a_z\\01. Cinema Blog\\first_course_project_applied\\vendor\\laravel\\framework\\src\\Illuminate\\Cookie\\Middleware\\EncryptCookies.php(67): Illuminate\\Pipeline\\Pipeline->Illuminate\\Pipeline\\{closure}(Object(Illuminate\\Http\\Request))
#12 C:\\wamp64\\www\\project_80_build_complete_invetory_management_system_a_z\\01. Cinema Blog\\first_course_project_applied\\vendor\\laravel\\framework\\src\\Illuminate\\Pipeline\\Pipeline.php(180): Illuminate\\Cookie\\Middleware\\EncryptCookies->handle(Object(Illuminate\\Http\\Request), Object(Closure))
#13 C:\\wamp64\\www\\project_80_build_complete_invetory_management_system_a_z\\01. Cinema Blog\\first_course_project_applied\\vendor\\laravel\\framework\\src\\Illuminate\\Pipeline\\Pipeline.php(116): Illuminate\\Pipeline\\Pipeline->Illuminate\\Pipeline\\{closure}(Object(Illuminate\\Http\\Request))
#14 C:\\wamp64\\www\\project_80_build_complete_invetory_management_system_a_z\\01. Cinema Blog\\first_course_project_applied\\vendor\\laravel\\framework\\src\\Illuminate\\Routing\\Router.php(799): Illuminate\\Pipeline\\Pipeline->then(Object(Closure))
#15 C:\\wamp64\\www\\project_80_build_complete_invetory_management_system_a_z\\01. Cinema Blog\\first_course_project_applied\\vendor\\laravel\\framework\\src\\Illuminate\\Routing\\Router.php(776): Illuminate\\Routing\\Router->runRouteWithinStack(Object(Illuminate\\Routing\\Route), Object(Illuminate\\Http\\Request))
#16 C:\\wamp64\\www\\project_80_build_complete_invetory_management_system_a_z\\01. Cinema Blog\\first_course_project_applied\\vendor\\laravel\\framework\\src\\Illuminate\\Routing\\Router.php(740): Illuminate\\Routing\\Router->runRoute(Object(Illuminate\\Http\\Request), Object(Illuminate\\Routing\\Route))
#17 C:\\wamp64\\www\\project_80_build_complete_invetory_management_system_a_z\\01. Cinema Blog\\first_course_project_applied\\vendor\\laravel\\framework\\src\\Illuminate\\Routing\\Router.php(729): Illuminate\\Routing\\Router->dispatchToRoute(Object(Illuminate\\Http\\Request))
#18 C:\\wamp64\\www\\project_80_build_complete_invetory_management_system_a_z\\01. Cinema Blog\\first_course_project_applied\\vendor\\laravel\\framework\\src\\Illuminate\\Foundation\\Http\\Kernel.php(190): Illuminate\\Routing\\Router->dispatch(Object(Illuminate\\Http\\Request))
#19 C:\\wamp64\\www\\project_80_build_complete_invetory_management_system_a_z\\01. Cinema Blog\\first_course_project_applied\\vendor\\laravel\\framework\\src\\Illuminate\\Pipeline\\Pipeline.php(141): Illuminate\\Foundation\\Http\\Kernel->Illuminate\\Foundation\\Http\\{closure}(Object(Illuminate\\Http\\Request))
#20 C:\\wamp64\\www\\project_80_build_complete_invetory_management_system_a_z\\01. Cinema Blog\\first_course_project_applied\\vendor\\laravel\\framework\\src\\Illuminate\\Foundation\\Http\\Middleware\\TransformsRequest.php(21): Illuminate\\Pipeline\\Pipeline->Illuminate\\Pipeline\\{closure}(Object(Illuminate\\Http\\Request))
#21 C:\\wamp64\\www\\project_80_build_complete_invetory_management_system_a_z\\01. Cinema Blog\\first_course_project_applied\\vendor\\laravel\\framework\\src\\Illuminate\\Foundation\\Http\\Middleware\\ConvertEmptyStringsToNull.php(31): Illuminate\\Foundation\\Http\\Middleware\\TransformsRequest->handle(Object(Illuminate\\Http\\Request), Object(Closure))
#22 C:\\wamp64\\www\\project_80_build_complete_invetory_management_system_a_z\\01. Cinema Blog\\first_course_project_applied\\vendor\\laravel\\framework\\src\\Illuminate\\Pipeline\\Pipeline.php(180): Illuminate\\Foundation\\Http\\Middleware\\ConvertEmptyStringsToNull->handle(Object(Illuminate\\Http\\Request), Object(Closure))
#23 C:\\wamp64\\www\\project_80_build_complete_invetory_management_system_a_z\\01. Cinema Blog\\first_course_project_applied\\vendor\\laravel\\framework\\src\\Illuminate\\Foundation\\Http\\Middleware\\TransformsRequest.php(21): Illuminate\\Pipeline\\Pipeline->Illuminate\\Pipeline\\{closure}(Object(Illuminate\\Http\\Request))
#24 C:\\wamp64\\www\\project_80_build_complete_invetory_management_system_a_z\\01. Cinema Blog\\first_course_project_applied\\vendor\\laravel\\framework\\src\\Illuminate\\Foundation\\Http\\Middleware\\TrimStrings.php(40): Illuminate\\Foundation\\Http\\Middleware\\TransformsRequest->handle(Object(Illuminate\\Http\\Request), Object(Closure))
#25 C:\\wamp64\\www\\project_80_build_complete_invetory_management_system_a_z\\01. Cinema Blog\\first_course_project_applied\\vendor\\laravel\\framework\\src\\Illuminate\\Pipeline\\Pipeline.php(180): Illuminate\\Foundation\\Http\\Middleware\\TrimStrings->handle(Object(Illuminate\\Http\\Request), Object(Closure))
#26 C:\\wamp64\\www\\project_80_build_complete_invetory_management_system_a_z\\01. Cinema Blog\\first_course_project_applied\\vendor\\laravel\\framework\\src\\Illuminate\\Foundation\\Http\\Middleware\\ValidatePostSize.php(27): Illuminate\\Pipeline\\Pipeline->Illuminate\\Pipeline\\{closure}(Object(Illuminate\\Http\\Request))
#27 C:\\wamp64\\www\\project_80_build_complete_invetory_management_system_a_z\\01. Cinema Blog\\first_course_project_applied\\vendor\\laravel\\framework\\src\\Illuminate\\Pipeline\\Pipeline.php(180): Illuminate\\Foundation\\Http\\Middleware\\ValidatePostSize->handle(Object(Illuminate\\Http\\Request), Object(Closure))
#28 C:\\wamp64\\www\\project_80_build_complete_invetory_management_system_a_z\\01. Cinema Blog\\first_course_project_applied\\vendor\\laravel\\framework\\src\\Illuminate\\Foundation\\Http\\Middleware\\PreventRequestsDuringMaintenance.php(86): Illuminate\\Pipeline\\Pipeline->Illuminate\\Pipeline\\{closure}(Object(Illuminate\\Http\\Request))
#29 C:\\wamp64\\www\\project_80_build_complete_invetory_management_system_a_z\\01. Cinema Blog\\first_course_project_applied\\vendor\\laravel\\framework\\src\\Illuminate\\Pipeline\\Pipeline.php(180): Illuminate\\Foundation\\Http\\Middleware\\PreventRequestsDuringMaintenance->handle(Object(Illuminate\\Http\\Request), Object(Closure))
#30 C:\\wamp64\\www\\project_80_build_complete_invetory_management_system_a_z\\01. Cinema Blog\\first_course_project_applied\\vendor\\fruitcake\\laravel-cors\\src\\HandleCors.php(38): Illuminate\\Pipeline\\Pipeline->Illuminate\\Pipeline\\{closure}(Object(Illuminate\\Http\\Request))
#31 C:\\wamp64\\www\\project_80_build_complete_invetory_management_system_a_z\\01. Cinema Blog\\first_course_project_applied\\vendor\\laravel\\framework\\src\\Illuminate\\Pipeline\\Pipeline.php(180): Fruitcake\\Cors\\HandleCors->handle(Object(Illuminate\\Http\\Request), Object(Closure))
#32 C:\\wamp64\\www\\project_80_build_complete_invetory_management_system_a_z\\01. Cinema Blog\\first_course_project_applied\\vendor\\laravel\\framework\\src\\Illuminate\\Http\\Middleware\\TrustProxies.php(39): Illuminate\\Pipeline\\Pipeline->Illuminate\\Pipeline\\{closure}(Object(Illuminate\\Http\\Request))
#33 C:\\wamp64\\www\\project_80_build_complete_invetory_management_system_a_z\\01. Cinema Blog\\first_course_project_applied\\vendor\\laravel\\framework\\src\\Illuminate\\Pipeline\\Pipeline.php(180): Illuminate\\Http\\Middleware\\TrustProxies->handle(Object(Illuminate\\Http\\Request), Object(Closure))
#34 C:\\wamp64\\www\\project_80_build_complete_invetory_management_system_a_z\\01. Cinema Blog\\first_course_project_applied\\vendor\\laravel\\framework\\src\\Illuminate\\Pipeline\\Pipeline.php(116): Illuminate\\Pipeline\\Pipeline->Illuminate\\Pipeline\\{closure}(Object(Illuminate\\Http\\Request))
#35 C:\\wamp64\\www\\project_80_build_complete_invetory_management_system_a_z\\01. Cinema Blog\\first_course_project_applied\\vendor\\laravel\\framework\\src\\Illuminate\\Foundation\\Http\\Kernel.php(165): Illuminate\\Pipeline\\Pipeline->then(Object(Closure))
#36 C:\\wamp64\\www\\project_80_build_complete_invetory_management_system_a_z\\01. Cinema Blog\\first_course_project_applied\\vendor\\laravel\\framework\\src\\Illuminate\\Foundation\\Http\\Kernel.php(134): Illuminate\\Foundation\\Http\\Kernel->sendRequestThroughRouter(Object(Illuminate\\Http\\Request))
#37 C:\\wamp64\\www\\project_80_build_complete_invetory_management_system_a_z\\01. Cinema Blog\\first_course_project_applied\\public\\index.php(52): Illuminate\\Foundation\\Http\\Kernel->handle(Object(Illuminate\\Http\\Request))
#38 C:\\wamp64\\www\\project_80_build_complete_invetory_management_system_a_z\\01. Cinema Blog\\first_course_project_applied\\vendor\\laravel\\framework\\src\\Illuminate\\Foundation\\resources\\server.php(16): require_once('C:\\\\wamp64\\\\www\\\\p...')
#39 {main}
"} 
